13:24:56.515 [main] INFO  org.testng.internal.Utils - [TestNG] Running:
  D:\Selenium class\Workout\N1_Framework\master.xml

13:24:57.156 [main] INFO  io.github.bonigarcia.wdm.WebDriverManager - Using chromedriver 131.0.6778.85 (resolved driver for Chrome 131)
13:24:57.208 [main] INFO  io.github.bonigarcia.wdm.WebDriverManager - Exporting webdriver.chrome.driver as C:\Users\Vishv\.cache\selenium\chromedriver\win64\131.0.6778.85\chromedriver.exe
13:24:59.734 [main] INFO  testCase.TC005_AddtoCartItem - ***TC005_AddtoCartItem - started***
13:25:02.354 [main] INFO  testCase.TC005_AddtoCartItem - ***TC005_AddtoCartItem - ended***
14:37:40.344 [main] INFO  org.testng.internal.Utils - [TestNG] Running:
  D:\Selenium class\Workout\N1_Framework\A13_Login.xml

14:37:42.228 [main] INFO  io.github.bonigarcia.wdm.WebDriverManager - Using chromedriver 131.0.6778.85 (resolved driver for Chrome 131)
14:37:42.307 [main] INFO  io.github.bonigarcia.wdm.WebDriverManager - Exporting webdriver.chrome.driver as C:\Users\Vishv\.cache\selenium\chromedriver\win64\131.0.6778.85\chromedriver.exe
14:37:45.679 [main] INFO  testCase.TC002_LoginTest - ***TC002_LoginTest - started***
14:37:47.255 [main] INFO  testCase.TC002_LoginTest - Entered into login page
14:37:49.492 [main] INFO  testCase.TC002_LoginTest - Logged in successfully
14:48:17.815 [main] INFO  org.testng.internal.Utils - [TestNG] Running:
  D:\Selenium class\Workout\N1_Framework\A13_Login.xml

14:48:18.396 [main] INFO  io.github.bonigarcia.wdm.WebDriverManager - Using chromedriver 131.0.6778.85 (resolved driver for Chrome 131)
14:48:18.455 [main] INFO  io.github.bonigarcia.wdm.WebDriverManager - Exporting webdriver.chrome.driver as C:\Users\Vishv\.cache\selenium\chromedriver\win64\131.0.6778.85\chromedriver.exe
14:48:21.771 [main] INFO  testCase.TC002_LoginTest - ***TC002_LoginTest - started***
14:48:23.277 [main] INFO  testCase.TC002_LoginTest - Entered into login page
14:48:25.424 [main] INFO  testCase.TC002_LoginTest - Logged in successfully
15:12:35.605 [main] INFO  org.testng.internal.Utils - [TestNG] Running:
  D:\Selenium class\Workout\N1_Framework\A13_Login.xml

15:12:36.213 [main] INFO  io.github.bonigarcia.wdm.WebDriverManager - Using chromedriver 131.0.6778.85 (resolved driver for Chrome 131)
15:12:36.278 [main] INFO  io.github.bonigarcia.wdm.WebDriverManager - Exporting webdriver.chrome.driver as C:\Users\Vishv\.cache\selenium\chromedriver\win64\131.0.6778.85\chromedriver.exe
15:12:39.250 [main] INFO  testCase.TC002_LoginTest - ***TC002_LoginTest - started***
15:12:40.840 [main] INFO  testCase.TC002_LoginTest - Entered into login page
15:12:43.156 [main] INFO  testCase.TC002_LoginTest - Logged in successfully
22:11:11.873 [main] INFO  io.github.bonigarcia.wdm.WebDriverManager - Using chromedriver 131.0.6778.85 (resolved driver for Chrome 131)
22:11:11.905 [main] INFO  io.github.bonigarcia.wdm.WebDriverManager - Exporting webdriver.chrome.driver as C:\Users\Vishv\.cache\selenium\chromedriver\win64\131.0.6778.85\chromedriver.exe
22:12:13.794 [main] INFO  org.testng.internal.Utils - [TestNG] Running:
  D:\Selenium class\Workout\OpenCart\master.xml

22:12:14.289 [main] INFO  io.github.bonigarcia.wdm.WebDriverManager - Using chromedriver 131.0.6778.85 (resolved driver for Chrome 131)
22:12:14.323 [main] INFO  io.github.bonigarcia.wdm.WebDriverManager - Exporting webdriver.chrome.driver as C:\Users\Vishv\.cache\selenium\chromedriver\win64\131.0.6778.85\chromedriver.exe
22:15:14.862 [main] INFO  org.testng.internal.Utils - [TestNG] Running:
  D:\Selenium class\Workout\OpenCart\master.xml

22:15:15.391 [main] INFO  io.github.bonigarcia.wdm.WebDriverManager - Using chromedriver 131.0.6778.85 (resolved driver for Chrome 131)
22:15:15.421 [main] INFO  io.github.bonigarcia.wdm.WebDriverManager - Exporting webdriver.chrome.driver as C:\Users\Vishv\.cache\selenium\chromedriver\win64\131.0.6778.85\chromedriver.exe
22:15:17.525 [main] INFO  testCase.TC005_AddtoCartItem - ***TC005_AddtoCartItem - started***
22:15:20.136 [main] INFO  testCase.TC005_AddtoCartItem - ***TC005_AddtoCartItem - ended***
22:15:37.453 [main] INFO  io.github.bonigarcia.wdm.WebDriverManager - Using chromedriver 131.0.6778.85 (resolved driver for Chrome 131)
22:15:37.482 [main] INFO  io.github.bonigarcia.wdm.WebDriverManager - Exporting webdriver.chrome.driver as C:\Users\Vishv\.cache\selenium\chromedriver\win64\131.0.6778.85\chromedriver.exe
22:15:39.669 [main] INFO  testCase.TC002_LoginTest - ***TC002_LoginTest - started***
22:15:41.071 [main] INFO  testCase.TC002_LoginTest - Entered into login page
22:15:42.967 [main] INFO  testCase.TC002_LoginTest - Logged in successfully
22:26:27.600 [main] INFO  io.github.bonigarcia.wdm.WebDriverManager - Using chromedriver 131.0.6778.85 (resolved driver for Chrome 131)
22:26:27.633 [main] INFO  io.github.bonigarcia.wdm.WebDriverManager - Exporting webdriver.chrome.driver as C:\Users\Vishv\.cache\selenium\chromedriver\win64\131.0.6778.85\chromedriver.exe
